<?xml version="1.0" encoding="UTF-8"?>
<!-- Generated by org.testng.reporters.JUnitXMLReporter -->
<testsuite ignored="0" hostname="PT-PTL-014" failures="0" tests="6" name="Surefire test" time="0.105" errors="0" timestamp="2020-12-15T10:08:24 IST">
  <testcase classname="qaclickAcademy.AppiumTest" name="NativeAppAndroid" time="0.009"/>
  <testcase classname="qaclickAcademy.AppiumTest" name="iOSApp" time="0.0"/>
  <testcase classname="qaclickAcademy.RestAPITest" name="deleteTwitter" time="0.0"/>
  <testcase classname="qaclickAcademy.RestAPITest" name="postJira" time="0.0"/>
  <testcase classname="qaclickAcademy.SeleniumTest" name="BrowserAutomation" time="0.0"/>
  <testcase classname="qaclickAcademy.SeleniumTest" name="ElementsUI" time="0.001"/>
</testsuite> <!-- Surefire test -->
