<?xml version="1.0" encoding="UTF-8"?>
<testng-results ignored="0" total="6" passed="6" failed="0" skipped="0">
  <reporter-output>
  </reporter-output>
  <suite started-at="2020-12-15T10:08:24 IST" name="Surefire suite" finished-at="2020-12-15T10:08:24 IST" duration-ms="105">
    <groups>
    </groups>
    <test started-at="2020-12-15T10:08:24 IST" name="Surefire test" finished-at="2020-12-15T10:08:24 IST" duration-ms="105">
      <class name="qaclickAcademy.RestAPITest">
        <test-method signature="deleteTwitter()[pri:0, instance:qaclickAcademy.RestAPITest@3c41ed1d]" started-at="2020-12-15T10:08:24 IST" name="deleteTwitter" finished-at="2020-12-15T10:08:24 IST" duration-ms="0" status="PASS">
          <reporter-output>
          </reporter-output>
        </test-method> <!-- deleteTwitter -->
        <test-method signature="postJira()[pri:0, instance:qaclickAcademy.RestAPITest@3c41ed1d]" started-at="2020-12-15T10:08:24 IST" name="postJira" finished-at="2020-12-15T10:08:24 IST" duration-ms="0" status="PASS">
          <reporter-output>
          </reporter-output>
        </test-method> <!-- postJira -->
      </class> <!-- qaclickAcademy.RestAPITest -->
      <class name="qaclickAcademy.SeleniumTest">
        <test-method signature="BrowserAutomation()[pri:0, instance:qaclickAcademy.SeleniumTest@54d9d12d]" started-at="2020-12-15T10:08:24 IST" name="BrowserAutomation" finished-at="2020-12-15T10:08:24 IST" duration-ms="0" status="PASS">
          <reporter-output>
          </reporter-output>
        </test-method> <!-- BrowserAutomation -->
        <test-method signature="ElementsUI()[pri:0, instance:qaclickAcademy.SeleniumTest@54d9d12d]" started-at="2020-12-15T10:08:24 IST" name="ElementsUI" finished-at="2020-12-15T10:08:24 IST" duration-ms="1" status="PASS">
          <reporter-output>
          </reporter-output>
        </test-method> <!-- ElementsUI -->
      </class> <!-- qaclickAcademy.SeleniumTest -->
      <class name="qaclickAcademy.AppiumTest">
        <test-method signature="NativeAppAndroid()[pri:0, instance:qaclickAcademy.AppiumTest@34e9fd99]" started-at="2020-12-15T10:08:24 IST" name="NativeAppAndroid" finished-at="2020-12-15T10:08:24 IST" duration-ms="9" status="PASS">
          <reporter-output>
          </reporter-output>
        </test-method> <!-- NativeAppAndroid -->
        <test-method signature="iOSApp()[pri:0, instance:qaclickAcademy.AppiumTest@34e9fd99]" started-at="2020-12-15T10:08:24 IST" name="iOSApp" finished-at="2020-12-15T10:08:24 IST" duration-ms="0" status="PASS">
          <reporter-output>
          </reporter-output>
        </test-method> <!-- iOSApp -->
      </class> <!-- qaclickAcademy.AppiumTest -->
    </test> <!-- Surefire test -->
  </suite> <!-- Surefire suite -->
</testng-results>
